<?xml version="1.0" encoding="UTF-8"?>
<!-- Generated by org.testng.reporters.JUnitReportReporter -->
<testsuite hostname="LTIN489131" failures="0" tests="10" name="testCases.TC_005_Tooltips" time="109.229" errors="0" timestamp="2024-05-08T10:01:31 IST" skipped="0">
  <testcase classname="testCases.TC_005_Tooltips" name="TestCase_001_WelcomeMessage" time="35.655"/>
  <testcase classname="testCases.TC_005_Tooltips" name="TestCase_001_WelcomeMessage" time="35.687"/>
  <testcase classname="testCases.TC_005_Tooltips" name="TestCase_002_DefaultCountry" time="0.090"/>
  <testcase classname="testCases.TC_005_Tooltips" name="TestCase_002_DefaultCountry" time="0.023"/>
  <testcase classname="testCases.TC_005_Tooltips" name="TestCase_003_DefaultLanguage" time="0.103"/>
  <testcase classname="testCases.TC_005_Tooltips" name="TestCase_003_DefaultLanguage" time="0.025"/>
  <testcase classname="testCases.TC_005_Tooltips" name="TestCase_004_Languagelist" time="5.305"/>
  <testcase classname="testCases.TC_005_Tooltips" name="TestCase_004_Languagelist" time="5.201"/>
  <testcase classname="testCases.TC_005_Tooltips" name="TestCase_005_Tooltips" time="13.585"/>
  <testcase classname="testCases.TC_005_Tooltips" name="TestCase_005_Tooltips" time="13.555"/>
</testsuite> <!-- testCases.TC_005_Tooltips -->
